===========================================
Log started at 14.04.2017 19:38:16
===========================================
Имя приложения: dbForge Studio for MySQL
Строка соединения: User Id=root;Host=localhost;Database=AnalizPDV;Character Set=utf8
База данных: AnalizPDV
Таблица: erpn_out
Ошибка: Lost connection to MySQL server during query (localhost:3306)

Количество импортированных строк: 0
Количество ошибок: 2
Количество предупреждений: 0
===========================================
Log stopped at 14.04.2017 19:38:16
===========================================


===========================================
Log started at 14.04.2017 19:40:44
===========================================
Имя приложения: dbForge Studio for MySQL
Строка соединения: User Id=root;Host=localhost;Database=AnalizPDV;Character Set=utf8
База данных: AnalizPDV
Таблица: template_csv_out(12-2015_02-2017)

Количество импортированных строк: 251
Количество ошибок: 0
Количество предупреждений: 0
===========================================
Log stopped at 14.04.2017 19:40:44
===========================================


===========================================
Log started at 14.04.2017 20:05:43
===========================================
Имя приложения: dbForge Studio for MySQL
Строка соединения: User Id=root;Host=localhost;Database=AnalizPDV;Character Set=utf8
База данных: AnalizPDV
Таблица: erpn_out

Количество импортированных строк: 250
Количество ошибок: 0
Количество предупреждений: 0
===========================================
Log stopped at 14.04.2017 20:05:47
===========================================
